Mon Jun 22 23:49:39 CEST 2015 - MainMonitoring: Connection Parameters
------------------------------------------------------------------------------------------------------
Mon Jun 22 23:49:40 CEST 2015 - MainMonitoring: java.naming.factory.initial org.apache.activemq.jndi.ActiveMQInitialContextFactory
Mon Jun 22 23:49:40 CEST 2015 - MainMonitoring: java.naming.provider.url tcp://atlantis.isti.cnr.it:61616
Mon Jun 22 23:49:40 CEST 2015 - MainMonitoring: java.naming.security.principal system
Mon Jun 22 23:49:40 CEST 2015 - MainMonitoring: java.naming.security.credentials manager
Mon Jun 22 23:49:40 CEST 2015 - MainMonitoring: connectionFactoryNames TopicCF
Mon Jun 22 23:49:40 CEST 2015 - MainMonitoring: topic.serviceTopic jms.serviceTopic
Mon Jun 22 23:49:40 CEST 2015 - MainMonitoring: topic.probeTopic jms.probeTopic
------------------------------------------------------------------------------------------------------
Mon Jun 22 23:49:40 CEST 2015 - MainMonitoring: Setting up TopicConnectionFactory		[ OK ]
------------------------------------------------------------------------------------------------------
Mon Jun 22 23:49:40 CEST 2015 - ComplexEventProcessorImpl: Creating connection object log4j:WARN No appenders could be found for logger (org.apache.activemq.transport.WireFormatNegotiator).
log4j:WARN Please initialize the log4j system properly.
log4j:WARN See http://logging.apache.org/log4j/1.2/faq.html#noconfig for more info.
		[ OK ]
Mon Jun 22 23:49:40 CEST 2015 - ComplexEventProcessorImpl: Creating public session object 	[ OK ]
Mon Jun 22 23:49:40 CEST 2015 - ComplexEventProcessorImpl: Creating subscribe object 		[ OK ]
Mon Jun 22 23:49:40 CEST 2015 - ComplexEventProcessorImpl: Setting up reading topic 		[ OK ]
Mon Jun 22 23:49:40 CEST 2015 - ComplexEventProcessorImpl: Setting up destination topic 	[ OK ]
Mon Jun 22 23:49:40 CEST 2015 - ComplexEventProcessorImpl: Reading knowledge base 		[ OK ]
Mon Jun 22 23:49:41 CEST 2015 - ComplexEventProcessorImpl: Starting connection 			[ OK ]
------------------------------------------------------------------------------------------------------
Mon Jun 22 23:49:44 CEST 2015 - ServiceLocatorParseViolationReceivedFromBSM: Starting ServiceLocator component [ OK ]
Mon Jun 22 23:49:44 CEST 2015 - MailNotification: Creating MailNotifier component 		[ OK ]
------------------------------------------------------------------------------------------------------
Mon Jun 22 23:49:44 CEST 2015 - GlimpseManager: Creating connection object 			[ OK ]
Mon Jun 22 23:49:44 CEST 2015 - GlimpseManager: Creating public session object 			[ OK ]
Mon Jun 22 23:49:44 CEST 2015 - GlimpseManager: Creating subscribe object			[ OK ]
Mon Jun 22 23:49:44 CEST 2015 - GlimpseManager: Setting up destination topic 			[ OK ]
Mon Jun 22 23:49:44 CEST 2015 - GlimpseManager: Setting up reading topic 			[ OK ]
Mon Jun 22 23:49:44 CEST 2015 - GlimpseManager: Creating response dispatcher 			[ OK ]
Mon Jun 22 23:49:44 CEST 2015 - GlimpseManager: Starting connection 				[ OK ]
------------------------------------------------------------------------------------------------------
------------------------------------------------------------------------------------------------------
