javax.naming.NoInitialContextException: Cannot instantiate class: org.apache.activemq.jndi.ActiveMQInitialContextFactory [Root exception is java.lang.ClassNotFoundException: org.apache.activemq.jndi.ActiveMQInitialContextFactory]
	at javax.naming.spi.NamingManager.getInitialContext(NamingManager.java:674)
	at javax.naming.InitialContext.getDefaultInitCtx(InitialContext.java:307)
	at javax.naming.InitialContext.init(InitialContext.java:242)
	at javax.naming.InitialContext.<init>(InitialContext.java:216)
	at eu.learnpad.monitoring.glimpse.MainMonitoring.init(MainMonitoring.java:180)
	at eu.learnpad.monitoring.glimpse.MainMonitoring.main(MainMonitoring.java:130)
Caused by: java.lang.ClassNotFoundException: org.apache.activemq.jndi.ActiveMQInitialContextFactory
	at java.net.URLClassLoader$1.run(URLClassLoader.java:366)
	at java.net.URLClassLoader$1.run(URLClassLoader.java:355)
	at java.security.AccessController.doPrivileged(Native Method)
	at java.net.URLClassLoader.findClass(URLClassLoader.java:354)
	at java.lang.ClassLoader.loadClass(ClassLoader.java:425)
	at sun.misc.Launcher$AppClassLoader.loadClass(Launcher.java:308)
	at java.lang.ClassLoader.loadClass(ClassLoader.java:358)
	at java.lang.Class.forName0(Native Method)
	at java.lang.Class.forName(Class.java:274)
	at com.sun.naming.internal.VersionHelper12.loadClass(VersionHelper12.java:72)
	at com.sun.naming.internal.VersionHelper12.loadClass(VersionHelper12.java:61)
	at javax.naming.spi.NamingManager.getInitialContext(NamingManager.java:671)
	... 5 more
